<?xml version="1.0" encoding="UTF-8"?>
<!-- Generated by org.testng.reporters.JUnitReportReporter -->
<testsuite hostname="dell" failures="0" tests="1" name="com.basic.automation.chanchal.LoginTest" time="37.267" errors="0" timestamp="2020-04-21T13:15:23 IST" skipped="0">
  <testcase classname="com.basic.automation.chanchal.LoginTest" name="loginMethod" time="37.267"/>
</testsuite> <!-- com.basic.automation.chanchal.LoginTest -->
